Warning: Design 'Core' has '1' unresolved references. For more detailed information, use the "link" command. (UID-341)
Information: Updating design information... (UID-85)
Warning: Design 'Core' contains 1 high-fanout nets. A fanout number of 1000 will be used for delay calculations involving these nets. (TIM-134)
 
****************************************
Report : timing
        -path full
        -delay max
        -max_paths 1
Design : Core
Version: Q-2019.12-SP5-2
Date   : Fri Jun  17 19:24:13 2022
****************************************

 # A fanout number of 1000 was used for high fanout net computations.

Operating Conditions: tt_1v8_25c   Library: tt_1v8_25c
Wire Load Model Mode: top

  Startpoint: IFID_instruct_reg[23]
              (rising edge-triggered flip-flop clocked by clk)
  Endpoint: IDEX_ctrl_PCSrc_reg[0]
            (rising edge-triggered flip-flop clocked by clk)
  Path Group: clk
  Path Type: max

  Point                                                   Incr       Path
  --------------------------------------------------------------------------
  clock clk (rise edge)                                   0.00       0.00
  clock network delay (ideal)                             0.00       0.00
  IFID_instruct_reg[23]/CK (DFFRHQX4)                     0.00 #     0.00 r
  IFID_instruct_reg[23]/Q (DFFRHQX4)                      0.17       0.17 r
  U2158/Y (BUFX12)                                        0.09       0.26 r
  ID_core_test/regFile_test/in_rs_addr[2] (ID_regFile)
                                                          0.00       0.26 r
  ID_core_test/regFile_test/U1883/Y (NOR2X2)              0.04       0.31 f
  ID_core_test/regFile_test/U1622/Y (NAND2X2)             0.06       0.37 r
  ID_core_test/regFile_test/U1901/Y (NOR2X1)              0.04       0.41 f
  ID_core_test/regFile_test/U33/Y (CLKINVX2)              0.07       0.48 r
  ID_core_test/regFile_test/U1902/Y (CLKINVX3)            0.11       0.59 f
  ID_core_test/regFile_test/U374/Y (AOI22XL)              0.13       0.72 r
  ID_core_test/regFile_test/U1911/Y (NAND4XL)             0.07       0.79 f
  ID_core_test/regFile_test/U1912/Y (INVX1)               0.06       0.85 r
  ID_core_test/regFile_test/U56/Y (NAND4BX1)              0.07       0.92 f
  ID_core_test/regFile_test/out_rs_data[15] (ID_regFile)
                                                          0.00       0.92 f
  U2042/Y (OAI2BB1X4)                                     0.11       1.03 f
  U1622/Y (MXI2X4)                                        0.10       1.13 r
  U1621/Y (XOR2X4)                                        0.13       1.25 f
  U2836/Y (NOR4X2)                                        0.13       1.38 r
  U2842/Y (NAND2X1)                                       0.05       1.43 f
  U2858/Y (NOR4X1)                                        0.09       1.52 r
  U2885/Y (NAND4X1)                                       0.08       1.60 f
  U2886/Y (OAI2BB1X1)                                     0.15       1.74 f
  U2912/Y (NAND3X2)                                       0.07       1.81 r
  U2915/Y (NAND2X2)                                       0.04       1.85 f
  U2916/Y (INVX2)                                         0.03       1.88 r
  IDEX_ctrl_PCSrc_reg[0]/D (DFFRHQX4)                     0.00       1.88 r
  data arrival time                                                  1.88

  clock clk (rise edge)                                   2.00       2.00
  clock network delay (ideal)                             0.00       2.00
  IDEX_ctrl_PCSrc_reg[0]/CK (DFFRHQX4)                    0.00       2.00 r
  library setup time                                     -0.12       1.88
  data required time                                                 1.88
  --------------------------------------------------------------------------
  data required time                                                 1.88
  data arrival time                                                 -1.88
  --------------------------------------------------------------------------
  slack (MET)                                                        0.00


1
