Warning: Design 'Core' has '1' unresolved references. For more detailed information, use the "link" command. (UID-341)
 
****************************************
Report : area
Design : Core
Version: Q-2019.12-SP5-2
Date   : Fri Jun  17 19:24:13 2022
****************************************

Library(s) Used:

    tt_1v8_25c (File: /data3/course_lib_umc18/synopsys/tt_1v8_25c.db)

Number of ports:                          728
Number of nets:                         42682
Number of cells:                        42169
Number of combinational cells:          28323
Number of sequential cells:             13843
Number of macros/black boxes:               0
Number of buf/inv:                       2420
Number of references:                     111

Combinational area:             577539.549896
Buf/Inv area:                    25254.029635
Noncombinational area:          744282.009251
Macro/Black Box area:                0.000000
Net Interconnect area:      undefined  (No wire load specified)

Total cell area:               1321821.559147
Total area:                 undefined

Information: This design contains black box (unknown) components. (RPT-8)
1
